[27-Jun-2016 07:53:17 UTC] PHP Parse error:  syntax error, unexpected 'header' (T_STRING) in /home/ubuntu/workspace/cyp05/Lab_Login/Lab_Login/login.php on line 5
[27-Jun-2016 07:54:20 UTC] PHP Parse error:  syntax error, unexpected 'header' (T_STRING) in /home/ubuntu/workspace/cyp05/Lab_Login/Lab_Login/login.php on line 5
[27-Jun-2016 07:54:22 UTC] PHP Parse error:  syntax error, unexpected 'header' (T_STRING) in /home/ubuntu/workspace/cyp05/Lab_Login/Lab_Login/login.php on line 5
[27-Jun-2016 07:55:11 UTC] PHP Parse error:  syntax error, unexpected 'header' (T_STRING) in /home/ubuntu/workspace/cyp05/Lab_Login/Lab_Login/login.php on line 5
[27-Jun-2016 08:12:35 UTC] PHP Parse error:  syntax error, unexpected '；' (T_STRING), expecting ',' or ';' in /home/ubuntu/workspace/cyp05/Lab_Login/Lab_Login/login.php on line 6
[27-Jun-2016 08:12:55 UTC] PHP Fatal error:  Call to undefined function back() in /home/ubuntu/workspace/cyp05/Lab_Login/Lab_Login/login.php on line 6
[27-Jun-2016 08:12:55 UTC] PHP Stack trace:
[27-Jun-2016 08:12:55 UTC] PHP   1. {main}() /home/ubuntu/workspace/cyp05/Lab_Login/Lab_Login/login.php:0
[27-Jun-2016 09:17:37 UTC] PHP Parse error:  syntax error, unexpected 'time' (T_STRING) in /home/ubuntu/workspace/cyp05/Lab_Login/Lab_Login/login.php on line 3
[27-Jun-2016 09:17:55 UTC] PHP Parse error:  syntax error, unexpected 'time' (T_STRING) in /home/ubuntu/workspace/cyp05/Lab_Login/Lab_Login/login.php on line 3
[27-Jun-2016 09:18:44 UTC] PHP Parse error:  syntax error, unexpected 'time' (T_STRING) in /home/ubuntu/workspace/cyp05/Lab_Login/Lab_Login/login.php on line 3
[27-Jun-2016 09:20:16 UTC] PHP Parse error:  syntax error, unexpected 'time' (T_STRING) in /home/ubuntu/workspace/cyp05/Lab_Login/Lab_Login/login.php on line 3
[27-Jun-2016 09:20:18 UTC] PHP Parse error:  syntax error, unexpected 'time' (T_STRING) in /home/ubuntu/workspace/cyp05/Lab_Login/Lab_Login/login.php on line 3
[27-Jun-2016 09:20:22 UTC] PHP Parse error:  syntax error, unexpected 'time' (T_STRING) in /home/ubuntu/workspace/cyp05/Lab_Login/Lab_Login/login.php on line 3
[27-Jun-2016 09:20:47 UTC] PHP Parse error:  syntax error, unexpected 'time' (T_STRING) in /home/ubuntu/workspace/cyp05/Lab_Login/Lab_Login/login.php on line 4
[27-Jun-2016 09:21:03 UTC] PHP Parse error:  syntax error, unexpected 'time' (T_STRING) in /home/ubuntu/workspace/cyp05/Lab_Login/Lab_Login/login.php on line 4
[27-Jun-2016 09:21:25 UTC] PHP Parse error:  syntax error, unexpected 'time' (T_STRING) in /home/ubuntu/workspace/cyp05/Lab_Login/Lab_Login/login.php on line 3
[27-Jun-2016 09:22:34 UTC] PHP Parse error:  syntax error, unexpected 'time' (T_STRING) in /home/ubuntu/workspace/cyp05/Lab_Login/Lab_Login/login.php on line 3
[27-Jun-2016 09:22:36 UTC] PHP Parse error:  syntax error, unexpected 'time' (T_STRING) in /home/ubuntu/workspace/cyp05/Lab_Login/Lab_Login/login.php on line 3
[27-Jun-2016 09:23:22 UTC] PHP Parse error:  syntax error, unexpected 'time' (T_STRING) in /home/ubuntu/workspace/cyp05/Lab_Login/Lab_Login/login.php on line 3
